{
  "stats": {
    "suites": 1,
    "tests": 2,
    "passes": 2,
    "pending": 0,
    "failures": 0,
    "start": "2022-01-19T14:31:10.334Z",
    "end": "2022-01-19T14:31:15.571Z",
    "duration": 5237,
    "testsRegistered": 2,
    "passPercent": 100,
    "pendingPercent": 0,
    "other": 0,
    "hasOther": false,
    "skipped": 0,
    "hasSkipped": false
  },
  "results": [
    {
      "uuid": "215e80e3-bc77-47ab-8cb2-824f4a7be3d4",
      "title": "",
      "fullFile": "cypress/integration/TameeniPlatform/PassedTestCases.js",
      "file": "cypress/integration/TameeniPlatform/PassedTestCases.js",
      "beforeHooks": [],
      "afterHooks": [],
      "tests": [],
      "suites": [
        {
          "uuid": "80b5cc9c-7b78-4966-9638-a99b2c5421b4",
          "title": "AS USER CHECK PASSED Test cases",
          "fullFile": "",
          "file": "",
          "beforeHooks": [],
          "afterHooks": [],
          "tests": [
            {
              "title": "OPEN Tameeni PLATFORME",
              "fullTitle": "AS USER CHECK PASSED Test cases OPEN Tameeni PLATFORME",
              "timedOut": null,
              "duration": 5032,
              "state": "passed",
              "speed": "slow",
              "pass": true,
              "fail": false,
              "pending": false,
              "context": null,
              "code": "Landing.navigate('');\nLanding.Assertion();",
              "err": {},
              "uuid": "850c2551-d84d-488b-8c40-6ae42951b428",
              "parentUUID": "80b5cc9c-7b78-4966-9638-a99b2c5421b4",
              "isHook": false,
              "skipped": false
            },
            {
              "title": "click login on Tameeni PLATFORME",
              "fullTitle": "AS USER CHECK PASSED Test cases click login on Tameeni PLATFORME",
              "timedOut": null,
              "duration": 179,
              "state": "passed",
              "speed": "slow",
              "pass": true,
              "fail": false,
              "pending": false,
              "context": null,
              "code": "Landing.ClickLoginToMyAccount();\nLogin.Assertion();",
              "err": {},
              "uuid": "48813344-2287-492b-9253-da6b0b38918b",
              "parentUUID": "80b5cc9c-7b78-4966-9638-a99b2c5421b4",
              "isHook": false,
              "skipped": false
            }
          ],
          "suites": [],
          "passes": [
            "850c2551-d84d-488b-8c40-6ae42951b428",
            "48813344-2287-492b-9253-da6b0b38918b"
          ],
          "failures": [],
          "pending": [],
          "skipped": [],
          "duration": 5211,
          "root": false,
          "rootEmpty": false,
          "_timeout": 2000
        }
      ],
      "passes": [],
      "failures": [],
      "pending": [],
      "skipped": [],
      "duration": 0,
      "root": true,
      "rootEmpty": true,
      "_timeout": 2000
    }
  ],
  "meta": {
    "mocha": {
      "version": "7.0.1"
    },
    "mochawesome": {
      "options": {
        "quiet": false,
        "reportFilename": "mochawesome",
        "saveHtml": true,
        "saveJson": true,
        "consoleReporter": "spec",
        "useInlineDiffs": false,
        "code": true
      },
      "version": "6.2.2"
    },
    "marge": {
      "options": {
        "id": "default",
        "reportDir": "cypress/reports/mocha",
        "quite": true,
        "overwrite": false,
        "html": true,
        "json": true
      },
      "version": "5.2.0"
    }
  }
}